<?xml version="1.0" encoding="UTF-8"?>
<testng-results ignored="0" total="1" passed="1" failed="0" skipped="0">
  <reporter-output>
  </reporter-output>
  <suite started-at="2022-12-11T18:39:41 EST" name="Default suite" finished-at="2022-12-11T18:39:57 EST" duration-ms="16000">
    <groups>
    </groups>
    <test started-at="2022-12-11T18:39:41 EST" name="Default test" finished-at="2022-12-11T18:39:57 EST" duration-ms="16000">
      <class name="testAmazon.testYourOrder">
        <test-method is-config="true" signature="initSetup()[pri:0, instance:testAmazon.testYourOrder@22555ebf]" started-at="2022-12-11T18:39:41 EST" name="initSetup" finished-at="2022-12-11T18:39:48 EST" duration-ms="6517" status="PASS">
          <reporter-output>
          </reporter-output>
        </test-method> <!-- initSetup -->
        <test-method signature="VerifyText()[pri:0, instance:testAmazon.testYourOrder@22555ebf]" started-at="2022-12-11T18:39:48 EST" name="VerifyText" finished-at="2022-12-11T18:39:57 EST" duration-ms="9443" status="PASS">
          <reporter-output>
          </reporter-output>
        </test-method> <!-- VerifyText -->
      </class> <!-- testAmazon.testYourOrder -->
    </test> <!-- Default test -->
  </suite> <!-- Default suite -->
</testng-results>
